python ./src/etl.py
Dropping Tables...
Table staging_rider | Executing DROP query...
Table staging_rider | Executed DROP query took 0.49 sec
Table staging_payment | Executing DROP query...
Table staging_payment | Executed DROP query took 0.47 sec
Table staging_station | Executing DROP query...
Table staging_station | Executed DROP query took 0.47 sec
Table staging_trip | Executing DROP query...
Table staging_trip | Executed DROP query took 0.47 sec
Table account | Executing DROP query...
Table account | Executed DROP query took 0.48 sec
Table rider | Executing DROP query...
Table rider | Executed DROP query took 0.5 sec
Table payment | Executing DROP query...
Table payment | Executed DROP query took 0.47 sec
Table station | Executing DROP query...
Table station | Executed DROP query took 0.47 sec
Table trip | Executing DROP query...
Table trip | Executed DROP query took 0.47 sec
Table "dimAccount" | Executing DROP query...
Table "dimAccount" | Executed DROP query took 0.47 sec
Table "dimRider" | Executing DROP query...
Table "dimRider" | Executed DROP query took 0.47 sec
Table "dimDate" | Executing DROP query...
Table "dimDate" | Executed DROP query took 0.49 sec
Table "dimStation" | Executing DROP query...
Table "dimStation" | Executed DROP query took 0.48 sec
Table "factTrip" | Executing DROP query...
Table "factTrip" | Executed DROP query took 0.47 sec
Table "factPayment" | Executing DROP query...
Table "factPayment" | Executed DROP query took 0.47 sec
Creating Tables...
Table staging_rider | Executing CREATE query...
Table staging_rider | Executed CREATE query took 0.51 sec
Table staging_payment | Executing CREATE query...
Table staging_payment | Executed CREATE query took 0.48 sec
Table staging_station | Executing CREATE query...
Table staging_station | Executed CREATE query took 0.48 sec
Table staging_trip | Executing CREATE query...
Table staging_trip | Executed CREATE query took 1.24 sec
Table account | Executing CREATE query...
Table account | Executed CREATE query took 0.49 sec
Table rider | Executing CREATE query...
Table rider | Executed CREATE query took 0.48 sec
Table payment | Executing CREATE query...
Table payment | Executed CREATE query took 0.48 sec
Table station | Executing CREATE query...
Table station | Executed CREATE query took 0.48 sec
Table trip | Executing CREATE query...
Table trip | Executed CREATE query took 0.49 sec
Table "dimAccount" | Executing CREATE query...
Table "dimAccount" | Executed CREATE query took 0.48 sec
Table "dimRider" | Executing CREATE query...
Table "dimRider" | Executed CREATE query took 1.3 sec
Table "dimDate" | Executing CREATE query...
Table "dimDate" | Executed CREATE query took 0.97 sec
Table "dimStation" | Executing CREATE query...
Table "dimStation" | Executed CREATE query took 0.48 sec
Table "factTrip" | Executing CREATE query...
Table "factTrip" | Executed CREATE query took 0.48 sec
Table "factPayment" | Executing CREATE query...
Table "factPayment" | Executed CREATE query took 0.48 sec
Staging Tables...
Table staging_rider | Executing COPY query...
Table staging_rider | Executed COPY query took 16.96 sec
Table staging_payment | Executing COPY query...
Table staging_payment | Executed COPY query took 165.23 sec
Table staging_stations | Executing COPY query...
Table staging_stations | Executed COPY query took 0.78 sec
Table staging_trip | Executing COPY query...
Table staging_trip | Executed COPY query took 1317.92 sec
Transforming Tables...
Table account | Executing INSERT query...
Table account | Executed INSERT query took 0.56 sec
Table rider | Executing INSERT query...
Table rider | Executed INSERT query took 0.77 sec
Table payment | Executing INSERT query...
Table payment | Executed INSERT query took 5.65 sec
Table station | Executing INSERT query...
Table station | Executed INSERT query took 0.48 sec
Table trip | Executing INSERT query...
Table trip | Executed INSERT query took 143.03 sec
Table "dimAccount" | Executing INSERT query...
Table "dimAccount" | Executed INSERT query took 0.53 sec
Table "dimRider" | Executing INSERT query...
Table "dimRider" | Executed INSERT query took 0.54 sec
Table "dimDate" | Executing INSERT query...
Table "dimDate" | Executed INSERT query took 11.13 sec
Table "dimStation" | Executing INSERT query...
Table "dimStation" | Executed INSERT query took 4.81 sec
Table "factTrip" | Executing INSERT query...
Table "factTrip" | Executed INSERT query took 100.74 sec
Table "factPayment" | Executing INSERT query...
Table "factPayment" | Executed INSERT query took 9.72 sec

Process finished with exit code 0
